C:\long_weekend\codes\CPP\Debug\cl.command.1.tlog
C:\long_weekend\codes\CPP\Debug\CL.read.1.tlog
C:\long_weekend\codes\CPP\Debug\CL.write.1.tlog
C:\LONG_WEEKEND\CODES\CPP\DEBUG\DRAWDEVICE.OBJ
C:\long_weekend\codes\CPP\Debug\link.command.1.tlog
C:\long_weekend\codes\CPP\Debug\link.read.1.tlog
C:\long_weekend\codes\CPP\Debug\link.write.1.tlog
C:\long_weekend\codes\CPP\Debug\link-cvtres.read.1.tlog
C:\long_weekend\codes\CPP\Debug\link-cvtres.write.1.tlog
C:\LONG_WEEKEND\CODES\CPP\DEBUG\NUIIMPL.OBJ
C:\long_weekend\codes\CPP\Debug\rc.command.1.tlog
C:\long_weekend\codes\CPP\Debug\rc.read.1.tlog
C:\long_weekend\codes\CPP\Debug\rc.write.1.tlog
C:\long_weekend\codes\CPP\Debug\SkeletalViewer.exe.embed.manifest
C:\LONG_WEEKEND\CODES\CPP\DEBUG\SKELETALVIEWER.EXE.EMBED.MANIFEST.RES
C:\long_weekend\codes\CPP\Debug\SkeletalViewer.exe.intermediate.manifest
C:\LONG_WEEKEND\CODES\CPP\DEBUG\SKELETALVIEWER.OBJ
C:\LONG_WEEKEND\CODES\CPP\DEBUG\SKELETALVIEWER.PCH
C:\long_weekend\codes\CPP\Debug\SkeletalViewer.pdb
C:\LONG_WEEKEND\CODES\CPP\DEBUG\SKELETALVIEWER.RES
C:\long_weekend\codes\CPP\Debug\SkeletalViewer_manifest.rc
C:\LONG_WEEKEND\CODES\CPP\DEBUG\STDAFX.OBJ
C:\long_weekend\codes\CPP\Debug\vc100.idb
C:\LONG_WEEKEND\CODES\CPP\DEBUG\VC100.PDB
