Build started 12/5/2011 6:39:55 PM.
     1>Project "C:\virtual-gallery\codes\CPP\SkeletalViewer.vcxproj" on node 2 (build target(s)).
     1>InitializeBuildStatus:
         Creating "Debug\SkeletalViewer.unsuccessfulbuild" because "AlwaysCreate" was specified.
       ClCompile:
         All outputs are up-to-date.
         c:\Program Files\Microsoft Visual Studio 10.0\VC\bin\CL.exe /c /I..\..\..\unmanaged_core\inc_public /ZI /nologo /W3 /WX- /Od /Oy- /D WIN32 /D _DEBUG /D _WINDOWS /D _UNICODE /D UNICODE /Gm /EHsc /RTC1 /MTd /GS /fp:precise /Zc:wchar_t /Zc:forScope /Yu"StdAfx.h" /Fp"Debug\SkeletalViewer.pch" /Fo"Debug\\" /Fd"Debug\vc100.pdb" /Gd /TP /analyze- /errorReport:prompt NuiImpl.cpp
         NuiImpl.cpp
     1>c:\opencv2.2\include\opencv2\flann\logger.h(66): warning C4996: 'fopen': This function or variable may be unsafe. Consider using fopen_s instead. To disable deprecation, use _CRT_SECURE_NO_WARNINGS. See online help for details.
                 c:\program files\microsoft visual studio 10.0\vc\include\stdio.h(234) : see declaration of 'fopen'
     1>c:\virtual-gallery\codes\cpp\nuiimpl.cpp(249): warning C4996: 'sprintf': This function or variable may be unsafe. Consider using sprintf_s instead. To disable deprecation, use _CRT_SECURE_NO_WARNINGS. See online help for details.
                 c:\program files\microsoft visual studio 10.0\vc\include\stdio.h(371) : see declaration of 'sprintf'
     1>c:\virtual-gallery\codes\cpp\nuiimpl.cpp(253): warning C4996: 'sprintf': This function or variable may be unsafe. Consider using sprintf_s instead. To disable deprecation, use _CRT_SECURE_NO_WARNINGS. See online help for details.
                 c:\program files\microsoft visual studio 10.0\vc\include\stdio.h(371) : see declaration of 'sprintf'
     1>c:\virtual-gallery\codes\cpp\nuiimpl.cpp(255): warning C4996: 'sprintf': This function or variable may be unsafe. Consider using sprintf_s instead. To disable deprecation, use _CRT_SECURE_NO_WARNINGS. See online help for details.
                 c:\program files\microsoft visual studio 10.0\vc\include\stdio.h(371) : see declaration of 'sprintf'
     1>c:\virtual-gallery\codes\cpp\nuiimpl.cpp(260): warning C4996: 'sprintf': This function or variable may be unsafe. Consider using sprintf_s instead. To disable deprecation, use _CRT_SECURE_NO_WARNINGS. See online help for details.
                 c:\program files\microsoft visual studio 10.0\vc\include\stdio.h(371) : see declaration of 'sprintf'
     1>c:\virtual-gallery\codes\cpp\nuiimpl.cpp(264): warning C4996: 'sprintf': This function or variable may be unsafe. Consider using sprintf_s instead. To disable deprecation, use _CRT_SECURE_NO_WARNINGS. See online help for details.
                 c:\program files\microsoft visual studio 10.0\vc\include\stdio.h(371) : see declaration of 'sprintf'
     1>c:\virtual-gallery\codes\cpp\nuiimpl.cpp(266): warning C4996: 'sprintf': This function or variable may be unsafe. Consider using sprintf_s instead. To disable deprecation, use _CRT_SECURE_NO_WARNINGS. See online help for details.
                 c:\program files\microsoft visual studio 10.0\vc\include\stdio.h(371) : see declaration of 'sprintf'
     1>c:\virtual-gallery\codes\cpp\nuiimpl.cpp(271): warning C4996: 'sprintf': This function or variable may be unsafe. Consider using sprintf_s instead. To disable deprecation, use _CRT_SECURE_NO_WARNINGS. See online help for details.
                 c:\program files\microsoft visual studio 10.0\vc\include\stdio.h(371) : see declaration of 'sprintf'
     1>c:\virtual-gallery\codes\cpp\nuiimpl.cpp(279): warning C4996: 'sprintf': This function or variable may be unsafe. Consider using sprintf_s instead. To disable deprecation, use _CRT_SECURE_NO_WARNINGS. See online help for details.
                 c:\program files\microsoft visual studio 10.0\vc\include\stdio.h(371) : see declaration of 'sprintf'
     1>c:\virtual-gallery\codes\cpp\nuiimpl.cpp(299): warning C4996: 'sprintf': This function or variable may be unsafe. Consider using sprintf_s instead. To disable deprecation, use _CRT_SECURE_NO_WARNINGS. See online help for details.
                 c:\program files\microsoft visual studio 10.0\vc\include\stdio.h(371) : see declaration of 'sprintf'
     1>c:\virtual-gallery\codes\cpp\nuiimpl.cpp(300): warning C4996: 'sprintf': This function or variable may be unsafe. Consider using sprintf_s instead. To disable deprecation, use _CRT_SECURE_NO_WARNINGS. See online help for details.
                 c:\program files\microsoft visual studio 10.0\vc\include\stdio.h(371) : see declaration of 'sprintf'
     1>c:\virtual-gallery\codes\cpp\nuiimpl.cpp(322): warning C4305: 'argument' : truncation from 'double' to 'float'
     1>c:\virtual-gallery\codes\cpp\nuiimpl.cpp(322): warning C4305: 'argument' : truncation from 'double' to 'float'
     1>c:\virtual-gallery\codes\cpp\nuiimpl.cpp(358): warning C4996: 'sprintf': This function or variable may be unsafe. Consider using sprintf_s instead. To disable deprecation, use _CRT_SECURE_NO_WARNINGS. See online help for details.
                 c:\program files\microsoft visual studio 10.0\vc\include\stdio.h(371) : see declaration of 'sprintf'
     1>c:\virtual-gallery\codes\cpp\nuiimpl.cpp(370): warning C4996: 'sprintf': This function or variable may be unsafe. Consider using sprintf_s instead. To disable deprecation, use _CRT_SECURE_NO_WARNINGS. See online help for details.
                 c:\program files\microsoft visual studio 10.0\vc\include\stdio.h(371) : see declaration of 'sprintf'
     1>c:\virtual-gallery\codes\cpp\nuiimpl.cpp(394): warning C4996: 'sprintf': This function or variable may be unsafe. Consider using sprintf_s instead. To disable deprecation, use _CRT_SECURE_NO_WARNINGS. See online help for details.
                 c:\program files\microsoft visual studio 10.0\vc\include\stdio.h(371) : see declaration of 'sprintf'
     1>c:\virtual-gallery\codes\cpp\nuiimpl.cpp(397): warning C4244: '=' : conversion from 'std::streamoff' to 'int', possible loss of data
     1>c:\virtual-gallery\codes\cpp\nuiimpl.cpp(403): warning C4996: 'sprintf': This function or variable may be unsafe. Consider using sprintf_s instead. To disable deprecation, use _CRT_SECURE_NO_WARNINGS. See online help for details.
                 c:\program files\microsoft visual studio 10.0\vc\include\stdio.h(371) : see declaration of 'sprintf'
     1>c:\virtual-gallery\codes\cpp\nuiimpl.cpp(406): warning C4244: '=' : conversion from 'std::streamoff' to 'int', possible loss of data
     1>c:\virtual-gallery\codes\cpp\nuiimpl.cpp(412): warning C4996: 'sprintf': This function or variable may be unsafe. Consider using sprintf_s instead. To disable deprecation, use _CRT_SECURE_NO_WARNINGS. See online help for details.
                 c:\program files\microsoft visual studio 10.0\vc\include\stdio.h(371) : see declaration of 'sprintf'
     1>c:\virtual-gallery\codes\cpp\nuiimpl.cpp(415): warning C4244: '=' : conversion from 'std::streamoff' to 'int', possible loss of data
     1>c:\virtual-gallery\codes\cpp\nuiimpl.cpp(421): warning C4996: 'sprintf': This function or variable may be unsafe. Consider using sprintf_s instead. To disable deprecation, use _CRT_SECURE_NO_WARNINGS. See online help for details.
                 c:\program files\microsoft visual studio 10.0\vc\include\stdio.h(371) : see declaration of 'sprintf'
     1>c:\virtual-gallery\codes\cpp\nuiimpl.cpp(424): warning C4244: '=' : conversion from 'std::streamoff' to 'int', possible loss of data
     1>c:\virtual-gallery\codes\cpp\nuiimpl.cpp(429): warning C4996: 'sprintf': This function or variable may be unsafe. Consider using sprintf_s instead. To disable deprecation, use _CRT_SECURE_NO_WARNINGS. See online help for details.
                 c:\program files\microsoft visual studio 10.0\vc\include\stdio.h(371) : see declaration of 'sprintf'
     1>c:\virtual-gallery\codes\cpp\nuiimpl.cpp(432): warning C4244: '=' : conversion from 'std::streamoff' to 'int', possible loss of data
     1>c:\virtual-gallery\codes\cpp\nuiimpl.cpp(584): warning C4996: 'sprintf': This function or variable may be unsafe. Consider using sprintf_s instead. To disable deprecation, use _CRT_SECURE_NO_WARNINGS. See online help for details.
                 c:\program files\microsoft visual studio 10.0\vc\include\stdio.h(371) : see declaration of 'sprintf'
     1>c:\virtual-gallery\codes\cpp\nuiimpl.cpp(585): warning C4996: 'sprintf': This function or variable may be unsafe. Consider using sprintf_s instead. To disable deprecation, use _CRT_SECURE_NO_WARNINGS. See online help for details.
                 c:\program files\microsoft visual studio 10.0\vc\include\stdio.h(371) : see declaration of 'sprintf'
     1>c:\virtual-gallery\codes\cpp\nuiimpl.cpp(714): warning C4996: 'sprintf': This function or variable may be unsafe. Consider using sprintf_s instead. To disable deprecation, use _CRT_SECURE_NO_WARNINGS. See online help for details.
                 c:\program files\microsoft visual studio 10.0\vc\include\stdio.h(371) : see declaration of 'sprintf'
     1>c:\virtual-gallery\codes\cpp\nuiimpl.cpp(770): warning C4244: 'initializing' : conversion from 'double' to 'float', possible loss of data
     1>c:\virtual-gallery\codes\cpp\nuiimpl.cpp(771): warning C4244: 'initializing' : conversion from 'double' to 'float', possible loss of data
     1>c:\virtual-gallery\codes\cpp\nuiimpl.cpp(772): warning C4244: '=' : conversion from 'int' to 'float', possible loss of data
     1>c:\virtual-gallery\codes\cpp\nuiimpl.cpp(773): warning C4305: '*=' : truncation from 'double' to 'float'
     1>c:\virtual-gallery\codes\cpp\nuiimpl.cpp(775): warning C4244: '=' : conversion from 'double' to 'float', possible loss of data
     1>c:\virtual-gallery\codes\cpp\nuiimpl.cpp(784): warning C4244: 'argument' : conversion from 'float' to 'int', possible loss of data
     1>c:\virtual-gallery\codes\cpp\nuiimpl.cpp(784): warning C4244: 'argument' : conversion from 'float' to 'int', possible loss of data
     1>c:\virtual-gallery\codes\cpp\nuiimpl.cpp(793): warning C4244: 'argument' : conversion from 'float' to 'int', possible loss of data
     1>c:\virtual-gallery\codes\cpp\nuiimpl.cpp(794): warning C4244: 'argument' : conversion from 'float' to 'int', possible loss of data
     1>c:\virtual-gallery\codes\cpp\nuiimpl.cpp(823): warning C4996: 'sprintf': This function or variable may be unsafe. Consider using sprintf_s instead. To disable deprecation, use _CRT_SECURE_NO_WARNINGS. See online help for details.
                 c:\program files\microsoft visual studio 10.0\vc\include\stdio.h(371) : see declaration of 'sprintf'
     1>c:\virtual-gallery\codes\cpp\nuiimpl.cpp(829): warning C4244: '=' : conversion from 'std::streamoff' to 'int', possible loss of data
     1>c:\virtual-gallery\codes\cpp\nuiimpl.cpp(843): warning C4996: 'sprintf': This function or variable may be unsafe. Consider using sprintf_s instead. To disable deprecation, use _CRT_SECURE_NO_WARNINGS. See online help for details.
                 c:\program files\microsoft visual studio 10.0\vc\include\stdio.h(371) : see declaration of 'sprintf'
     1>c:\virtual-gallery\codes\cpp\nuiimpl.cpp(847): warning C4244: '=' : conversion from 'std::streamoff' to 'int', possible loss of data
     1>c:\virtual-gallery\codes\cpp\nuiimpl.cpp(856): warning C4996: 'sprintf': This function or variable may be unsafe. Consider using sprintf_s instead. To disable deprecation, use _CRT_SECURE_NO_WARNINGS. See online help for details.
                 c:\program files\microsoft visual studio 10.0\vc\include\stdio.h(371) : see declaration of 'sprintf'
     1>c:\virtual-gallery\codes\cpp\nuiimpl.cpp(860): warning C4244: '=' : conversion from 'std::streamoff' to 'int', possible loss of data
     1>c:\virtual-gallery\codes\cpp\nuiimpl.cpp(870): warning C4996: 'sprintf': This function or variable may be unsafe. Consider using sprintf_s instead. To disable deprecation, use _CRT_SECURE_NO_WARNINGS. See online help for details.
                 c:\program files\microsoft visual studio 10.0\vc\include\stdio.h(371) : see declaration of 'sprintf'
     1>c:\virtual-gallery\codes\cpp\nuiimpl.cpp(874): warning C4244: '=' : conversion from 'std::streamoff' to 'int', possible loss of data
     1>c:\virtual-gallery\codes\cpp\nuiimpl.cpp(885): warning C4996: 'sprintf': This function or variable may be unsafe. Consider using sprintf_s instead. To disable deprecation, use _CRT_SECURE_NO_WARNINGS. See online help for details.
                 c:\program files\microsoft visual studio 10.0\vc\include\stdio.h(371) : see declaration of 'sprintf'
     1>c:\virtual-gallery\codes\cpp\nuiimpl.cpp(889): warning C4244: '=' : conversion from 'std::streamoff' to 'int', possible loss of data
     1>c:\virtual-gallery\codes\cpp\nuiimpl.cpp(904): warning C4996: 'sprintf': This function or variable may be unsafe. Consider using sprintf_s instead. To disable deprecation, use _CRT_SECURE_NO_WARNINGS. See online help for details.
                 c:\program files\microsoft visual studio 10.0\vc\include\stdio.h(371) : see declaration of 'sprintf'
     1>c:\virtual-gallery\codes\cpp\nuiimpl.cpp(905): warning C4996: 'sprintf': This function or variable may be unsafe. Consider using sprintf_s instead. To disable deprecation, use _CRT_SECURE_NO_WARNINGS. See online help for details.
                 c:\program files\microsoft visual studio 10.0\vc\include\stdio.h(371) : see declaration of 'sprintf'
     1>c:\virtual-gallery\codes\cpp\nuiimpl.cpp(930): warning C4996: 'sprintf': This function or variable may be unsafe. Consider using sprintf_s instead. To disable deprecation, use _CRT_SECURE_NO_WARNINGS. See online help for details.
                 c:\program files\microsoft visual studio 10.0\vc\include\stdio.h(371) : see declaration of 'sprintf'
     1>c:\virtual-gallery\codes\cpp\nuiimpl.cpp(931): warning C4996: 'sprintf': This function or variable may be unsafe. Consider using sprintf_s instead. To disable deprecation, use _CRT_SECURE_NO_WARNINGS. See online help for details.
                 c:\program files\microsoft visual studio 10.0\vc\include\stdio.h(371) : see declaration of 'sprintf'
       ResourceCompile:
         All outputs are up-to-date.
       ManifestResourceCompile:
         All outputs are up-to-date.
       Link:
         c:\Program Files\Microsoft Visual Studio 10.0\VC\bin\link.exe /ERRORREPORT:PROMPT /OUT:"C:\virtual-gallery\codes\CPP\Debug\SkeletalViewer.exe" /INCREMENTAL /NOLOGO /LIBPATH:..\..\..\unmanaged_core\msrkinectnui\objd\i386 kernel32.lib user32.lib gdi32.lib winspool.lib comdlg32.lib advapi32.lib shell32.lib ole32.lib oleaut32.lib uuid.lib odbc32.lib odbccp32.lib MSRKinectNUI.lib kernel32.lib user32.lib gdi32.lib winspool.lib comdlg32.lib advapi32.lib shell32.lib ole32.lib oleaut32.lib uuid.lib odbc32.lib odbccp32.lib C:\OpenCV2.2\lib\opencv_core220d.lib C:\OpenCV2.2\lib\opencv_highgui220d.lib C:\OpenCV2.2\lib\opencv_video220d.lib C:\OpenCV2.2\lib\opencv_ml220d.lib C:\OpenCV2.2\lib\opencv_legacy220d.lib C:\OpenCV2.2\lib\opencv_imgproc220d.lib /MANIFEST /ManifestFile:"Debug\SkeletalViewer.exe.intermediate.manifest" /MANIFESTUAC:"level='asInvoker' uiAccess='false'" /DEBUG /PDB:"C:\virtual-gallery\codes\CPP\Debug\SkeletalViewer.pdb" /SUBSYSTEM:WINDOWS /STACK:"10000000","10000000" /TLBID:1 /DYNAMICBASE /NXCOMPAT /IMPLIB:"C:\virtual-gallery\codes\CPP\Debug\SkeletalViewer.lib" /MACHINE:X86 Debug\SkeletalViewer.res
         Debug\SkeletalViewer.exe.embed.manifest.res
         Debug\DrawDevice.obj
         Debug\NuiImpl.obj
         Debug\SkeletalViewer.obj
         Debug\stdafx.obj
       Manifest:
         c:\Program Files\Microsoft SDKs\Windows\v7.0A\bin\mt.exe /nologo /verbose /out:"Debug\SkeletalViewer.exe.embed.manifest" /manifest Debug\SkeletalViewer.exe.intermediate.manifest
         All outputs are up-to-date.
       LinkEmbedManifest:
         All outputs are up-to-date.
         SkeletalViewer.vcxproj -> C:\virtual-gallery\codes\CPP\Debug\SkeletalViewer.exe
       FinalizeBuildStatus:
         Deleting file "Debug\SkeletalViewer.unsuccessfulbuild".
         Touching "Debug\SkeletalViewer.lastbuildstate".
     1>Done Building Project "C:\virtual-gallery\codes\CPP\SkeletalViewer.vcxproj" (build target(s)).

Build succeeded.

Time Elapsed 00:00:02.54
